<?xml version="1.0" encoding="UTF-8"?>
<!-- Generated by org.testng.reporters.JUnitReportReporter -->
<testsuite hostname="DESKTOP-O88K94K" failures="0" tests="1" name="MyStoreProjectP.MyStoreProject.TC_OrderPage" time="26.595" errors="0" timestamp="2022-03-18T12:34:55 CET" skipped="0">
  <testcase classname="MyStoreProjectP.MyStoreProject.TC_OrderPage" name="addToCartTest" time="26.595"/>
  <system-out/>
</testsuite> <!-- MyStoreProjectP.MyStoreProject.TC_OrderPage -->
