<?xml version="1.0" encoding="UTF-8"?>
<!-- Generated by org.testng.reporters.JUnitReportReporter -->
<testsuite hostname="DESKTOP-O88K94K" failures="0" tests="1" name="MyStoreProjectP.MyStoreProject.TC_SearchResultPage" time="17.379" errors="0" timestamp="2022-03-18T12:34:55 CET" skipped="0">
  <testcase classname="MyStoreProjectP.MyStoreProject.TC_SearchResultPage" name="productAvailabilityTest" time="17.379"/>
  <system-out/>
</testsuite> <!-- MyStoreProjectP.MyStoreProject.TC_SearchResultPage -->
