<?xml version="1.0" encoding="UTF-8"?>
<!-- Generated by org.testng.reporters.JUnitReportReporter -->
<testsuite hostname="DESKTOP-O88K94K" failures="0" tests="1" name="MyStoreProjectP.MyStoreProject.TC_EndToEnd" time="53.337" errors="0" timestamp="2022-03-18T12:34:55 CET" skipped="0">
  <testcase classname="MyStoreProjectP.MyStoreProject.TC_EndToEnd" name="addToCartTest" time="53.337"/>
  <system-out/>
</testsuite> <!-- MyStoreProjectP.MyStoreProject.TC_EndToEnd -->
